[2021-12-25 02:29:50,376] multiqc                                            [DEBUG  ]  No MultiQC config found: /mnt/software/UHTS/Analysis/MultiQC/1.8/lib/python2.7/site-packages/multiqc_config.yaml
[2021-12-25 02:29:50,384] multiqc                                            [DEBUG  ]  No MultiQC config found: /home/swu/.multiqc_config.yaml
[2021-12-25 02:29:50,384] multiqc                                            [DEBUG  ]  No MultiQC config found: multiqc_config.yaml
[2021-12-25 02:29:50,384] multiqc                                            [DEBUG  ]  Command used: /software/UHTS/Analysis/MultiQC/1.8/bin/multiqc .
[2021-12-25 02:29:51,294] multiqc                                            [WARNING]  MultiQC Version v1.11 now available!
[2021-12-25 02:29:51,321] multiqc                                            [INFO   ]  This is MultiQC v1.8
[2021-12-25 02:29:51,331] multiqc                                            [DEBUG  ]  Command     : /software/UHTS/Analysis/MultiQC/1.8/bin/multiqc .
[2021-12-25 02:29:51,333] multiqc                                            [DEBUG  ]  Working dir : /data/courses/rnaseq/breastcancer_de/swu_workspace/QCres
[2021-12-25 02:29:51,333] multiqc                                            [INFO   ]  Template    : default
[2021-12-25 02:29:51,333] multiqc                                            [WARNING]  You are running MultiQC with Python 2.7.12
[2021-12-25 02:29:51,333] multiqc                                            [WARNING]  Please upgrade! MultiQC will soon drop support for Python < 3.6
[2021-12-25 02:29:51,334] multiqc                                            [INFO   ]  Searching   : /data/courses/rnaseq/breastcancer_de/swu_workspace/QCres
[2021-12-25 02:29:51,337] multiqc                                            [DEBUG  ]  Analysing modules: custom_content, conpair, peddy, methylQA, phantompeakqualtools, qualimap, preseq, quast, qorts, rna_seqc, rsem, rseqc, busco, goleft_indexcov, disambiguate, supernova, deeptools, sargasso, verifybamid, mirtrace, happy, homer, macs2, theta2, snpeff, gatk, htseq, bcftools, featureCounts, fgbio, dedup, damageprofiler, biobambam2, mtnucratio, picard, prokka, samblaster, samtools, sexdeterrmine, bamtools, jellyfish, vcftools, longranger, stacks, bbmap, bismark, biscuit, hicexplorer, hicup, hicpro, salmon, kallisto, slamdunk, star, hisat2, tophat, bowtie2, bowtie1, kat, leehom, adapterRemoval, clipandmerge, cutadapt, flexbar, trimmomatic, skewer, sortmerna, biobloomtools, fastq_screen, afterqc, fastp, fastqc, minionqc, mosdepth, clusterflow, bcl2fastq, interop, flash, seqyclean
[2021-12-25 02:29:51,339] multiqc                                            [DEBUG  ]  Using temporary directory for creating report: /tmp/tmpf1BEF6
[2021-12-25 02:29:51,681] multiqc                                            [DEBUG  ]  Ignoring file as matched an ignore pattern: NonTNBC1_R1.fastq.gz
[2021-12-25 02:29:51,690] multiqc                                            [DEBUG  ]  Ignoring file as matched an ignore pattern: TNBC3_R2_fastqc.html
[2021-12-25 02:29:51,690] multiqc                                            [DEBUG  ]  Ignoring file as matched an ignore pattern: Normal3_R1.fastq.gz
[2021-12-25 02:29:51,693] multiqc                                            [DEBUG  ]  Ignoring file as matched an ignore pattern: Normal2_R2.fastq.gz
[2021-12-25 02:29:51,693] multiqc                                            [DEBUG  ]  Ignoring file as matched an ignore pattern: TNBC3_R1_fastqc.html
[2021-12-25 02:29:51,694] multiqc                                            [DEBUG  ]  Ignoring file as matched an ignore pattern: Normal3_R2.fastq.gz
[2021-12-25 02:29:51,694] multiqc                                            [DEBUG  ]  Ignoring file as matched an ignore pattern: HER22_R2.fastq.gz
[2021-12-25 02:29:51,695] multiqc                                            [DEBUG  ]  Ignoring file as matched an ignore pattern: Normal3_R1_fastqc.html
[2021-12-25 02:29:51,696] multiqc                                            [DEBUG  ]  Ignoring file as matched an ignore pattern: TNBC3_R1.fastq.gz
[2021-12-25 02:29:51,696] multiqc                                            [DEBUG  ]  Ignoring file as matched an ignore pattern: HER21_R1_fastqc.html
[2021-12-25 02:29:51,696] multiqc                                            [DEBUG  ]  Ignoring file as matched an ignore pattern: TNBC2_R1.fastq.gz
[2021-12-25 02:29:51,696] multiqc                                            [DEBUG  ]  Ignoring file as matched an ignore pattern: Normal1_R2_fastqc.html
[2021-12-25 02:29:51,696] multiqc                                            [DEBUG  ]  Ignoring file as matched an ignore pattern: TNBC1_R1_fastqc.html
[2021-12-25 02:29:51,700] multiqc                                            [DEBUG  ]  Ignoring file as matched an ignore pattern: Normal1_R1_fastqc.html
[2021-12-25 02:29:51,701] multiqc                                            [DEBUG  ]  Ignoring file as matched an ignore pattern: HER23_R2.fastq.gz
[2021-12-25 02:29:51,701] multiqc                                            [DEBUG  ]  Ignoring file as matched an ignore pattern: Normal2_R1.fastq.gz
[2021-12-25 02:29:51,701] multiqc                                            [DEBUG  ]  Ignoring file as matched an ignore pattern: NonTNBC2_R2.fastq.gz
[2021-12-25 02:29:51,702] multiqc                                            [DEBUG  ]  Ignoring file as matched an ignore pattern: Normal2_R2_fastqc.html
[2021-12-25 02:29:51,702] multiqc                                            [DEBUG  ]  Ignoring file as matched an ignore pattern: TNBC2_R2_fastqc.html
[2021-12-25 02:29:51,703] multiqc                                            [DEBUG  ]  Ignoring file as matched an ignore pattern: TNBC2_R1_fastqc.html
[2021-12-25 02:29:51,703] multiqc                                            [DEBUG  ]  Ignoring file as matched an ignore pattern: HER23_R1_fastqc.html
[2021-12-25 02:29:51,703] multiqc                                            [DEBUG  ]  Ignoring file as matched an ignore pattern: NonTNBC1_R1_fastqc.html
[2021-12-25 02:29:51,705] multiqc                                            [DEBUG  ]  Ignoring file as matched an ignore pattern: NonTNBC2_R2_fastqc.html
[2021-12-25 02:29:51,705] multiqc                                            [DEBUG  ]  Ignoring file as matched an ignore pattern: NonTNBC3_R2.fastq.gz
[2021-12-25 02:29:51,706] multiqc                                            [DEBUG  ]  Ignoring file as matched an ignore pattern: NonTNBC2_R1_fastqc.html
[2021-12-25 02:29:51,706] multiqc                                            [DEBUG  ]  Ignoring file as matched an ignore pattern: Normal3_R2_fastqc.html
[2021-12-25 02:29:51,708] multiqc                                            [DEBUG  ]  Ignoring file as matched an ignore pattern: NonTNBC1_R2.fastq.gz
[2021-12-25 02:29:51,708] multiqc                                            [DEBUG  ]  Ignoring file as matched an ignore pattern: Normal1_R1.fastq.gz
[2021-12-25 02:29:51,708] multiqc                                            [DEBUG  ]  Ignoring file as matched an ignore pattern: NonTNBC1_R2_fastqc.html
[2021-12-25 02:29:51,708] multiqc                                            [DEBUG  ]  Ignoring file as matched an ignore pattern: HER23_R1.fastq.gz
[2021-12-25 02:29:51,708] multiqc                                            [DEBUG  ]  Ignoring file as matched an ignore pattern: TNBC1_R2_fastqc.html
[2021-12-25 02:29:51,709] multiqc                                            [DEBUG  ]  Ignoring file as matched an ignore pattern: HER21_R2.fastq.gz
[2021-12-25 02:29:51,710] multiqc                                            [DEBUG  ]  Ignoring file as matched an ignore pattern: NonTNBC2_R1.fastq.gz
[2021-12-25 02:29:51,710] multiqc                                            [DEBUG  ]  Ignoring file as matched an ignore pattern: NonTNBC3_R2_fastqc.html
[2021-12-25 02:29:51,710] multiqc                                            [DEBUG  ]  Ignoring file as matched an ignore pattern: NonTNBC3_R1.fastq.gz
[2021-12-25 02:29:51,712] multiqc                                            [DEBUG  ]  Ignoring file as matched an ignore pattern: TNBC1_R2.fastq.gz
[2021-12-25 02:29:51,712] multiqc                                            [DEBUG  ]  Ignoring file as matched an ignore pattern: Normal1_R2.fastq.gz
[2021-12-25 02:29:51,713] multiqc                                            [DEBUG  ]  Ignoring file as matched an ignore pattern: HER22_R2_fastqc.html
[2021-12-25 02:29:51,713] multiqc                                            [DEBUG  ]  Ignoring file as matched an ignore pattern: NonTNBC3_R1_fastqc.html
[2021-12-25 02:29:51,713] multiqc                                            [DEBUG  ]  Ignoring file as matched an ignore pattern: HER22_R1_fastqc.html
[2021-12-25 02:29:51,713] multiqc                                            [DEBUG  ]  Ignoring file as matched an ignore pattern: HER21_R2_fastqc.html
[2021-12-25 02:29:51,714] multiqc                                            [DEBUG  ]  Ignoring file as matched an ignore pattern: TNBC1_R1.fastq.gz
[2021-12-25 02:29:51,714] multiqc                                            [DEBUG  ]  Ignoring file as matched an ignore pattern: HER23_R2_fastqc.html
[2021-12-25 02:29:51,715] multiqc                                            [DEBUG  ]  Ignoring file as matched an ignore pattern: HER21_R1.fastq.gz
[2021-12-25 02:29:51,940] multiqc                                            [DEBUG  ]  File ignored by hicexplorer because it exceeded search pattern filesize limit: error_QC_7412133.e
[2021-12-25 02:29:51,972] multiqc                                            [DEBUG  ]  File ignored by longranger/invocation because it exceeded search pattern filesize limit: error_QC_7412133.e
[2021-12-25 02:29:52,170] multiqc                                            [DEBUG  ]  Ignoring file as matched an ignore pattern: TNBC3_R2.fastq.gz
[2021-12-25 02:29:52,218] multiqc                                            [DEBUG  ]  Ignoring file as matched an ignore pattern: HER22_R1.fastq.gz
[2021-12-25 02:29:52,456] multiqc                                            [DEBUG  ]  Ignoring file as matched an ignore pattern: TNBC2_R2.fastq.gz
[2021-12-25 02:29:52,475] multiqc                                            [DEBUG  ]  Ignoring file as matched an ignore pattern: Normal2_R1_fastqc.html
[2021-12-25 02:30:19,945] multiqc.plots.bargraph                             [DEBUG  ]  Using matplotlib version 2.2.3
[2021-12-25 02:30:19,954] multiqc.plots.linegraph                            [DEBUG  ]  Using matplotlib version 2.2.3
[2021-12-25 02:30:19,963] multiqc                                            [DEBUG  ]  No samples found: custom_content
[2021-12-25 02:30:20,008] multiqc                                            [DEBUG  ]  No samples found: conpair
[2021-12-25 02:30:20,042] multiqc                                            [DEBUG  ]  No samples found: peddy
[2021-12-25 02:30:20,076] multiqc                                            [DEBUG  ]  No samples found: methylQA
[2021-12-25 02:30:20,129] multiqc                                            [DEBUG  ]  No samples found: phantompeakqualtools
[2021-12-25 02:30:20,209] multiqc                                            [DEBUG  ]  No samples found: qualimap
[2021-12-25 02:30:20,244] multiqc                                            [DEBUG  ]  No samples found: preseq
[2021-12-25 02:30:20,262] multiqc                                            [DEBUG  ]  No samples found: quast
[2021-12-25 02:30:20,281] multiqc                                            [DEBUG  ]  No samples found: qorts
[2021-12-25 02:30:20,314] multiqc                                            [DEBUG  ]  No samples found: rna_seqc
[2021-12-25 02:30:20,355] multiqc                                            [DEBUG  ]  No samples found: rsem
[2021-12-25 02:30:20,413] multiqc                                            [DEBUG  ]  No samples found: rseqc
[2021-12-25 02:30:20,448] multiqc                                            [DEBUG  ]  No samples found: busco
[2021-12-25 02:30:20,493] multiqc                                            [DEBUG  ]  No samples found: goleft_indexcov
[2021-12-25 02:30:20,515] multiqc                                            [DEBUG  ]  No samples found: disambiguate
[2021-12-25 02:30:20,545] multiqc                                            [DEBUG  ]  No samples found: supernova
[2021-12-25 02:30:20,638] multiqc                                            [DEBUG  ]  No samples found: deeptools
[2021-12-25 02:30:20,651] multiqc                                            [DEBUG  ]  No samples found: sargasso
[2021-12-25 02:30:20,665] multiqc                                            [DEBUG  ]  No samples found: verifybamid
[2021-12-25 02:30:20,716] multiqc                                            [DEBUG  ]  No samples found: mirtrace
[2021-12-25 02:30:20,808] multiqc                                            [DEBUG  ]  No samples found: happy
[2021-12-25 02:30:20,933] multiqc                                            [DEBUG  ]  No samples found: homer
[2021-12-25 02:30:20,971] multiqc                                            [DEBUG  ]  No samples found: macs2
[2021-12-25 02:30:21,003] multiqc                                            [DEBUG  ]  No samples found: theta2
[2021-12-25 02:30:21,031] multiqc                                            [DEBUG  ]  No samples found: snpeff
[2021-12-25 02:30:21,104] multiqc                                            [DEBUG  ]  No samples found: gatk
[2021-12-25 02:30:21,175] multiqc                                            [DEBUG  ]  No samples found: htseq
[2021-12-25 02:30:21,281] multiqc                                            [DEBUG  ]  No samples found: bcftools
[2021-12-25 02:30:21,302] multiqc                                            [DEBUG  ]  No samples found: featureCounts
[2021-12-25 02:30:21,326] multiqc                                            [DEBUG  ]  No samples found: fgbio
[2021-12-25 02:30:21,377] multiqc                                            [DEBUG  ]  No samples found: dedup
[2021-12-25 02:30:21,420] multiqc                                            [DEBUG  ]  No samples found: damageprofiler
[2021-12-25 02:30:21,573] multiqc                                            [DEBUG  ]  No samples found: biobambam2
[2021-12-25 02:30:21,601] multiqc                                            [DEBUG  ]  No samples found: mtnucratio
[2021-12-25 02:30:21,612] multiqc                                            [DEBUG  ]  No samples found: picard
[2021-12-25 02:30:21,626] multiqc                                            [DEBUG  ]  No samples found: prokka
[2021-12-25 02:30:21,677] multiqc                                            [DEBUG  ]  No samples found: samblaster
[2021-12-25 02:30:21,814] multiqc                                            [DEBUG  ]  No samples found: samtools
[2021-12-25 02:30:21,862] multiqc                                            [DEBUG  ]  No samples found: sexdeterrmine
[2021-12-25 02:30:21,940] multiqc                                            [DEBUG  ]  No samples found: bamtools
[2021-12-25 02:30:21,991] multiqc                                            [DEBUG  ]  No samples found: jellyfish
[2021-12-25 02:30:22,025] multiqc                                            [DEBUG  ]  No samples found: vcftools
[2021-12-25 02:30:22,119] multiqc                                            [DEBUG  ]  No samples found: longranger
[2021-12-25 02:30:22,183] multiqc                                            [DEBUG  ]  No samples found: stacks
[2021-12-25 02:30:22,355] multiqc                                            [DEBUG  ]  No samples found: bbmap
[2021-12-25 02:30:22,413] multiqc                                            [DEBUG  ]  No samples found: bismark
[2021-12-25 02:30:22,436] multiqc                                            [DEBUG  ]  No samples found: biscuit
[2021-12-25 02:30:22,459] multiqc                                            [DEBUG  ]  No samples found: hicexplorer
[2021-12-25 02:30:22,472] multiqc                                            [DEBUG  ]  No samples found: hicup
[2021-12-25 02:30:22,485] multiqc                                            [DEBUG  ]  No samples found: hicpro
[2021-12-25 02:30:22,502] multiqc                                            [DEBUG  ]  No samples found: salmon
[2021-12-25 02:30:22,656] multiqc                                            [DEBUG  ]  No samples found: kallisto
[2021-12-25 02:30:22,677] multiqc                                            [DEBUG  ]  No samples found: slamdunk
[2021-12-25 02:30:22,767] multiqc                                            [DEBUG  ]  No samples found: star
[2021-12-25 02:30:22,958] multiqc                                            [DEBUG  ]  No samples found: hisat2
[2021-12-25 02:30:23,108] multiqc                                            [DEBUG  ]  No samples found: tophat
[2021-12-25 02:30:23,145] multiqc                                            [DEBUG  ]  No samples found: bowtie2
[2021-12-25 02:30:23,199] multiqc                                            [DEBUG  ]  No samples found: bowtie1
[2021-12-25 02:30:23,238] multiqc                                            [DEBUG  ]  No samples found: kat
[2021-12-25 02:30:23,267] multiqc                                            [DEBUG  ]  No samples found: leehom
[2021-12-25 02:30:23,303] multiqc                                            [DEBUG  ]  No samples found: adapterRemoval
[2021-12-25 02:30:23,343] multiqc                                            [DEBUG  ]  No samples found: clipandmerge
[2021-12-25 02:30:23,380] multiqc                                            [DEBUG  ]  No samples found: cutadapt
[2021-12-25 02:30:23,418] multiqc                                            [DEBUG  ]  No samples found: flexbar
[2021-12-25 02:30:23,432] multiqc                                            [DEBUG  ]  No samples found: trimmomatic
[2021-12-25 02:30:23,445] multiqc                                            [DEBUG  ]  No samples found: skewer
[2021-12-25 02:30:23,459] multiqc                                            [DEBUG  ]  No samples found: sortmerna
[2021-12-25 02:30:23,509] multiqc                                            [DEBUG  ]  No samples found: biobloomtools
[2021-12-25 02:30:23,544] multiqc                                            [DEBUG  ]  No samples found: fastq_screen
[2021-12-25 02:30:23,582] multiqc                                            [DEBUG  ]  No samples found: afterqc
[2021-12-25 02:30:23,597] multiqc                                            [DEBUG  ]  No samples found: fastp
[2021-12-25 02:30:25,166] multiqc.modules.fastqc.fastqc                      [INFO   ]  Found 24 reports
[2021-12-25 02:30:28,110] multiqc                                            [DEBUG  ]  No samples found: minionqc
[2021-12-25 02:30:28,154] multiqc                                            [DEBUG  ]  No samples found: mosdepth
[2021-12-25 02:30:28,195] multiqc                                            [DEBUG  ]  No samples found: clusterflow
[2021-12-25 02:30:28,262] multiqc                                            [DEBUG  ]  No samples found: bcl2fastq
[2021-12-25 02:30:28,330] multiqc                                            [DEBUG  ]  No samples found: interop
[2021-12-25 02:30:28,356] multiqc                                            [DEBUG  ]  No samples found: flash
[2021-12-25 02:30:28,370] multiqc                                            [DEBUG  ]  No samples found: seqyclean
[2021-12-25 02:30:28,510] multiqc                                            [INFO   ]  Compressing plot data
[2021-12-25 02:30:32,414] multiqc                                            [INFO   ]  Report      : multiqc_report.html
[2021-12-25 02:30:32,433] multiqc                                            [INFO   ]  Data        : multiqc_data
[2021-12-25 02:30:32,530] multiqc                                            [DEBUG  ]  Moving data file from '/tmp/tmpf1BEF6/multiqc_data/multiqc_qualimap_bamqc_genome_results.txt' to '/data/courses/rnaseq/breastcancer_de/swu_workspace/QCres/multiqc_data'
[2021-12-25 02:30:32,558] multiqc                                            [DEBUG  ]  Moving data file from '/tmp/tmpf1BEF6/multiqc_data/multiqc_fastqc.txt' to '/data/courses/rnaseq/breastcancer_de/swu_workspace/QCres/multiqc_data'
[2021-12-25 02:30:32,593] multiqc                                            [DEBUG  ]  Moving data file from '/tmp/tmpf1BEF6/multiqc_data/multiqc_general_stats.txt' to '/data/courses/rnaseq/breastcancer_de/swu_workspace/QCres/multiqc_data'
[2021-12-25 02:30:32,604] multiqc                                            [DEBUG  ]  Moving data file from '/tmp/tmpf1BEF6/multiqc_data/multiqc_sources.txt' to '/data/courses/rnaseq/breastcancer_de/swu_workspace/QCres/multiqc_data'
[2021-12-25 02:30:32,606] multiqc                                            [DEBUG  ]  Moving data file from '/tmp/tmpf1BEF6/multiqc_data/multiqc_data.json' to '/data/courses/rnaseq/breastcancer_de/swu_workspace/QCres/multiqc_data'
[2021-12-25 02:30:34,170] multiqc                                            [INFO   ]  MultiQC complete
